<?xml version="1.0" encoding="UTF-8"?>
<robot generator="Robot 6.1.1 (Python 3.12.1 on win32)" generated="20231223 12:41:17.765" rpa="false" schemaversion="4">
<suite id="s1" name="Index" source="d:\basic-automation\index.robot">
<test id="s1-t1" name="hapus data alternatif" line="38">
<kw name="Open Browser" library="SeleniumLibrary">
<arg>${HOST}</arg>
<arg>${BROWSER}</arg>
<doc>Opens a new browser instance to the optional ``url``.</doc>
<msg timestamp="20231223 12:41:18.091" level="INFO">Opening browser 'chrome' to base url 'http://localhost:8181/SPK-WP/index.php'.</msg>
<status status="PASS" starttime="20231223 12:41:18.091" endtime="20231223 12:41:21.632"/>
</kw>
<kw name="Click Element" library="SeleniumLibrary">
<arg>xpath://a[@href='alternatif.php']</arg>
<doc>Click the element identified by ``locator``.</doc>
<msg timestamp="20231223 12:41:21.635" level="INFO">Clicking element 'xpath://a[@href='alternatif.php']'.</msg>
<status status="PASS" starttime="20231223 12:41:21.633" endtime="20231223 12:41:22.014"/>
</kw>
<kw name="Click Element" library="SeleniumLibrary">
<arg>xpath://a[@href='del.php?id=3']</arg>
<doc>Click the element identified by ``locator``.</doc>
<msg timestamp="20231223 12:41:22.017" level="INFO">Clicking element 'xpath://a[@href='del.php?id=3']'.</msg>
<status status="PASS" starttime="20231223 12:41:22.015" endtime="20231223 12:41:22.102"/>
</kw>
<kw name="Sleep" library="BuiltIn">
<arg>3</arg>
<doc>Pauses the test executed for the given time.</doc>
<msg timestamp="20231223 12:41:25.104" level="INFO">Slept 3 seconds</msg>
<status status="PASS" starttime="20231223 12:41:22.102" endtime="20231223 12:41:25.104"/>
</kw>
<kw name="Close Browser" library="SeleniumLibrary">
<doc>Closes the current browser.</doc>
<status status="PASS" starttime="20231223 12:41:25.105" endtime="20231223 12:41:27.268"/>
</kw>
<status status="PASS" starttime="20231223 12:41:18.091" endtime="20231223 12:41:27.268"/>
</test>
<status status="PASS" starttime="20231223 12:41:17.775" endtime="20231223 12:41:27.268"/>
</suite>
<statistics>
<total>
<stat pass="1" fail="0" skip="0">All Tests</stat>
</total>
<tag>
</tag>
<suite>
<stat pass="1" fail="0" skip="0" id="s1" name="Index">Index</stat>
</suite>
</statistics>
<errors>
</errors>
</robot>
